2024/04/11 23:36:24.457,サーバーの商品マスタファイルが本日のものではありません。
2024/04/11 23:36:24.458,ローカルの商品マスタファイルが本日のものではありません。
2024/04/11 23:36:24.459,サーバーの店マスタファイルが本日のものではありません。
2024/04/11 23:36:24.459,ローカルの店マスタファイルが本日のものではありません。
2024/04/11 23:36:24.461,サーバーの作業者マスタファイルが本日のものではありません。
2024/04/11 23:36:24.461,ローカルの作業者マスタファイルが本日のものではありません。
2024/04/11 23:36:24.478,1便のPICKDATA0ファイルが本日のものではありません。
2024/04/11 23:36:24.479,2便のPICKDATA0ファイルが本日のものではありません。
2024/04/11 23:36:24.479,2便のPICKDATA0ファイルが本日のものではありません。
2024/04/11 23:36:24.479,3便のPICKDATA0ファイルが本日のものではありません。
2024/04/11 23:36:24.479,3便のPICKDATA0ファイルが本日のものではありません。
2024/04/11 23:36:27.198,サーバーの商品マスタファイルが本日のものではありません。
2024/04/11 23:36:27.198,ローカルの商品マスタファイルが本日のものではありません。
2024/04/11 23:36:27.198,サーバーの店マスタファイルが本日のものではありません。
2024/04/11 23:36:27.198,ローカルの店マスタファイルが本日のものではありません。
2024/04/11 23:36:27.198,サーバーの作業者マスタファイルが本日のものではありません。
2024/04/11 23:36:27.198,ローカルの作業者マスタファイルが本日のものではありません。
2024/04/11 23:36:27.199,1便のPICKDATA0ファイルが本日のものではありません。
2024/04/11 23:36:27.199,2便のPICKDATA0ファイルが本日のものではありません。
2024/04/11 23:36:27.199,2便のPICKDATA0ファイルが本日のものではありません。
2024/04/11 23:36:27.199,3便のPICKDATA0ファイルが本日のものではありません。
2024/04/11 23:36:27.199,3便のPICKDATA0ファイルが本日のものではありません。
