2024/04/11 23:36:50.124,サーバーの商品マスタファイルが本日のものではありません。
2024/04/11 23:36:50.124,ローカルの商品マスタファイルが本日のものではありません。
2024/04/11 23:36:50.127,サーバーの店マスタファイルが本日のものではありません。
2024/04/11 23:36:50.127,ローカルの店マスタファイルが本日のものではありません。
2024/04/11 23:36:50.129,サーバーの作業者マスタファイルが本日のものではありません。
2024/04/11 23:36:50.129,ローカルの作業者マスタファイルが本日のものではありません。
2024/04/11 23:36:50.141,1便のPICKDATA0ファイルが本日のものではありません。
2024/04/11 23:36:50.141,2便のPICKDATA0ファイルが本日のものではありません。
2024/04/11 23:36:50.141,2便のPICKDATA0ファイルが本日のものではありません。
2024/04/11 23:36:50.141,3便のPICKDATA0ファイルが本日のものではありません。
2024/04/11 23:36:50.141,3便のPICKDATA0ファイルが本日のものではありません。
2024/04/11 23:36:53.339,サーバーの商品マスタファイルが本日のものではありません。
2024/04/11 23:36:53.339,ローカルの商品マスタファイルが本日のものではありません。
2024/04/11 23:36:53.339,サーバーの店マスタファイルが本日のものではありません。
2024/04/11 23:36:53.339,ローカルの店マスタファイルが本日のものではありません。
2024/04/11 23:36:53.339,サーバーの作業者マスタファイルが本日のものではありません。
2024/04/11 23:36:53.339,ローカルの作業者マスタファイルが本日のものではありません。
2024/04/11 23:36:53.339,1便のPICKDATA0ファイルが本日のものではありません。
2024/04/11 23:36:53.339,2便のPICKDATA0ファイルが本日のものではありません。
2024/04/11 23:36:53.340,2便のPICKDATA0ファイルが本日のものではありません。
2024/04/11 23:36:53.340,3便のPICKDATA0ファイルが本日のものではありません。
2024/04/11 23:36:53.340,3便のPICKDATA0ファイルが本日のものではありません。
