2024/04/03 23:32:23.769,windowOpening Window_Closing()
2024/04/03 23:32:27.262,windowMain Button_Click() btnOrder
2024/04/03 23:32:27.262,windowMain Function() ORDER
2024/04/03 23:32:27.485,windowOrder Window_Loaded()
2024/04/03 23:32:27.486,ucTab_OperationMonitor UserControl_Loaded()
2024/04/03 23:32:27.502,ucTab_ProgressMonitor UserControl_Loaded()
2024/04/03 23:32:27.506,ucTab_WorkStatus UserControl_Loaded()
2024/04/03 23:32:28.762,ucTab_WorkStatus UserControl_Loaded()
2024/04/03 23:32:31.358,windowOrder Menu_Click() menuTool_OrderInfo
2024/04/03 23:32:31.515,windowOrderInfo Window_Loaded()
2024/04/03 23:32:57.556,windowOrderInfo Button_Click() btnClose
2024/04/03 23:32:57.556,windowOrderInfo Window_Closing()
2024/04/03 23:32:59.593,windowOrder Menu_Click() menuTool_MasterFile
2024/04/03 23:32:59.690,windowOrderInfo Window_Loaded()
2024/04/03 23:33:02.651,windowOrderInfo Button_Click() btnStoreMaster
2024/04/03 23:33:03.202,windowOrderInfo Button_Click() btnWorkerMaster
2024/04/03 23:33:04.417,windowOrderInfo Button_Click() btnClose
2024/04/03 23:33:04.417,windowOrderInfo Window_Closing()
2024/04/03 23:33:08.288,windowOrder Button_Click() btnClose
2024/04/03 23:33:08.289,windowOrder Window_Closing()
2024/04/03 23:33:08.289,ucTab_OperationMonitor Dispose()
2024/04/03 23:33:08.289,ucTab_ProgressMonitor Dispose()
2024/04/03 23:33:08.289,ucTab_WorkStatus Dispose()
2024/04/03 23:33:08.290,ucTab_WorkStatus Dispose()
2024/04/03 23:33:09.153,windowMain Button_Click() btnExit
2024/04/03 23:33:09.153,windowMain Function() EXIT
