2024/04/11 23:36:22.869,INFO,Logger起動
2024/04/11 23:36:22.886,INFO,前回アプリ終了時ステータス取得 完了
2024/04/11 23:36:22.916,METHOD_IN,PLC_IF.Open(DUMMY;PLC_AISLE127.0.0.1)
2024/04/11 23:36:23.927,METHOD_OUT,PLC_IF.Open : STATUS_SUCCESS
2024/04/11 23:36:23.932,INFO,Resource起動
2024/04/11 23:36:23.962,SYSTEM,***********************************
2024/04/11 23:36:23.962,SYSTEM,起動中 PC名=LAPTOP-DES3I23Q , IP=172.19.0.1
2024/04/11 23:36:23.962,SYSTEM,OS Ver=Microsoft Windows NT 6.2.9200.0 
2024/04/11 23:36:23.962,SYSTEM,TransferManagerApp Ver=1.0.0.0 
2024/04/11 23:36:23.962,SYSTEM,***********************************
2024/04/11 23:36:23.964,METHOD_IN,Manager Start()
2024/04/11 23:36:23.964,INFO,システムスレッド 起動
2024/04/11 23:36:23.974,METHOD_IN,Manager Thread_System()
2024/04/11 23:36:23.979,INFO,接続確認スレッド 起動
2024/04/11 23:36:23.993,INFO,ファイルクリーナスレッド 起動
2024/04/11 23:36:23.997,METHOD_IN,Manager Thread_ConnectionCheck()
2024/04/11 23:36:24.006,INFO,エラー履歴ファイル出力スレッド 起動
2024/04/11 23:36:24.014,METHOD_IN,Manager Thread_FileCleaner()
2024/04/11 23:36:24.021,METHOD_OUT,Manager Start : STATUS_SUCCESS
2024/04/11 23:36:24.021,INFO,Manager起動
2024/04/11 23:36:24.072,METHOD_IN,BatchFile Load()
2024/04/11 23:36:24.079,METHOD_IN,Manager Thread_ErrorHistory()
2024/04/11 23:36:24.455,METHOD_OUT,BatchFile.Load : STATUS_SUCCESS
2024/04/11 23:36:24.455,INFO,BatchFile読み込み完了
2024/04/11 23:36:24.457,ERROR,サーバーの商品マスタファイルが本日のものではありません。
2024/04/11 23:36:24.457,ERROR,ローカルの商品マスタファイルが本日のものではありません。
2024/04/11 23:36:24.459,ERROR,サーバーの店マスタファイルが本日のものではありません。
2024/04/11 23:36:24.459,ERROR,ローカルの店マスタファイルが本日のものではありません。
2024/04/11 23:36:24.461,ERROR,サーバーの作業者マスタファイルが本日のものではありません。
2024/04/11 23:36:24.461,ERROR,ローカルの作業者マスタファイルが本日のものではありません。
2024/04/11 23:36:24.478,ERROR,1便のPICKDATA0ファイルが本日のものではありません。
2024/04/11 23:36:24.479,ERROR,2便のPICKDATA0ファイルが本日のものではありません。
2024/04/11 23:36:24.479,ERROR,2便のPICKDATA0ファイルが本日のものではありません。
2024/04/11 23:36:24.479,ERROR,3便のPICKDATA0ファイルが本日のものではありません。
2024/04/11 23:36:24.479,ERROR,3便のPICKDATA0ファイルが本日のものではありません。
2024/04/11 23:36:24.479,INFO,DB_IPアドレス : 127.0.0.1
2024/04/11 23:36:24.479,INFO,DBセットアップ
2024/04/11 23:36:26.462,INFO,本日のテーブルなし
2024/04/11 23:36:26.977,INFO,本日のテーブル 生成完了
2024/04/11 23:36:27.183,INFO,商品ヘッダテーブル 書き込み完了
2024/04/11 23:36:27.184,METHOD_IN,ServerControl Start()
2024/04/11 23:36:27.196,METHOD_IN,ServerControl Thread_Server()
2024/04/11 23:36:27.198,METHOD_OUT,ServerControl Start : STATUS_SUCCESS
2024/04/11 23:36:27.198,INFO,Serverスレッド起動
2024/04/11 23:36:27.198,ERROR,サーバーの商品マスタファイルが本日のものではありません。
2024/04/11 23:36:27.198,ERROR,ローカルの商品マスタファイルが本日のものではありません。
2024/04/11 23:36:27.198,ERROR,サーバーの店マスタファイルが本日のものではありません。
2024/04/11 23:36:27.198,ERROR,ローカルの店マスタファイルが本日のものではありません。
2024/04/11 23:36:27.198,ERROR,サーバーの作業者マスタファイルが本日のものではありません。
2024/04/11 23:36:27.198,ERROR,ローカルの作業者マスタファイルが本日のものではありません。
2024/04/11 23:36:27.198,ERROR,1便のPICKDATA0ファイルが本日のものではありません。
2024/04/11 23:36:27.199,ERROR,2便のPICKDATA0ファイルが本日のものではありません。
2024/04/11 23:36:27.199,ERROR,2便のPICKDATA0ファイルが本日のものではありません。
2024/04/11 23:36:27.199,ERROR,3便のPICKDATA0ファイルが本日のものではありません。
2024/04/11 23:36:27.199,ERROR,3便のPICKDATA0ファイルが本日のものではありません。
2024/04/11 23:36:27.199,INFO,ServerControl 仕分データ取得中 1便
2024/04/11 23:36:27.219,INFO,ServerControl 仕分データ取得中 2便
2024/04/11 23:36:27.224,INFO,ServerControl 仕分データ取得中 3便
2024/04/11 23:36:27.229,INFO,ServerControl 仕分データ取得 完了
2024/04/11 23:36:27.229,INFO,ServerControl 仕分実績データ取得中 1便
2024/04/11 23:36:27.237,INFO,ServerControl 仕分実績データ取得中 2便
2024/04/11 23:36:27.239,INFO,ServerControl 仕分実績データ取得中 3便
2024/04/11 23:36:27.241,INFO,ServerControl 仕分実績データ取得 完了
2024/04/11 23:36:27.245,INFO,ServerControl 仕分実績データリスト作成/更新中 1便
2024/04/11 23:36:27.248,INFO,ServerControl 仕分実績データリスト作成/更新中 2便
2024/04/11 23:36:27.248,INFO,ServerControl 仕分実績データリスト作成/更新中 3便
2024/04/11 23:36:27.248,INFO,ServerControl 仕分実績データリスト作成/更新 完了
2024/04/11 23:36:27.248,INFO,ServerControl 仕分実績データ書込み中 1便
2024/04/11 23:36:27.250,INFO,ServerControl 仕分実績データ書込み中 2便
2024/04/11 23:36:27.250,INFO,ServerControl 仕分実績データ書込み中 3便
2024/04/11 23:36:27.250,INFO,ServerControl 仕分実績データ書込み 完了
2024/04/11 23:36:27.299,INFO,Serverスレッド初期化完了
2024/04/11 23:36:27.300,METHOD_IN,Cycle Start()
2024/04/11 23:36:27.310,METHOD_IN,Cycle Thread_Cycle()
2024/04/11 23:36:27.321,METHOD_IN,CycleAisle Start()
2024/04/11 23:36:27.335,METHOD_OUT,CycleAisle Start : STATUS_SUCCESS
2024/04/11 23:36:27.335,METHOD_OUT,Cycle Start : STATUS_SUCCESS
2024/04/11 23:36:27.335,INFO,Cycleスレッド起動
2024/04/11 23:36:27.335,METHOD_OUT,windowOpening OpeningSequence : STATUS_SUCCESS
2024/04/11 23:36:27.354,METHOD_IN,CycleAisle Thread_Cycle()
2024/04/11 23:36:27.924,CONTROL,windowOpening Window_Closing()
2024/04/11 23:36:28.085,INFO,ネットワーク：PLC1に接続されました ： 127.0.0.1
2024/04/11 23:36:28.087,INFO,ネットワーク：Serverに接続されました ： 127.0.0.1
