2024/04/03 07:29:38.398,INFO,Logger起動
2024/04/03 07:29:38.406,INFO,前回アプリ終了時ステータス取得 完了
2024/04/03 07:29:38.430,METHOD_IN,PLC_IF.Open(DUMMY;PLC_AISLE127.0.0.1)
2024/04/03 07:29:39.044,METHOD_OUT,PLC_IF.Open : STATUS_SUCCESS
2024/04/03 07:29:39.047,INFO,Resource起動
2024/04/03 07:29:39.067,SYSTEM,***********************************
2024/04/03 07:29:39.067,SYSTEM,起動中 PC名=LAPTOP-DES3I23Q , IP=172.19.0.1
2024/04/03 07:29:39.067,SYSTEM,OS Ver=Microsoft Windows NT 6.2.9200.0 
2024/04/03 07:29:39.067,SYSTEM,TransferManagerApp Ver=1.0.0.0 
2024/04/03 07:29:39.067,SYSTEM,***********************************
2024/04/03 07:29:39.067,METHOD_IN,Manager Start()
2024/04/03 07:29:39.067,INFO,システムスレッド 起動
2024/04/03 07:29:39.071,METHOD_IN,Manager Thread_System()
2024/04/03 07:29:39.081,INFO,接続確認スレッド 起動
2024/04/03 07:29:39.086,METHOD_IN,Manager Thread_ConnectionCheck()
2024/04/03 07:29:39.094,INFO,ファイルクリーナスレッド 起動
2024/04/03 07:29:39.099,METHOD_IN,Manager Thread_FileCleaner()
2024/04/03 07:29:39.108,INFO,エラー履歴ファイル出力スレッド 起動
2024/04/03 07:29:39.111,METHOD_IN,Manager Thread_ErrorHistory()
2024/04/03 07:29:39.120,METHOD_OUT,Manager Start : STATUS_SUCCESS
2024/04/03 07:29:39.120,INFO,Manager起動
2024/04/03 07:29:39.134,METHOD_IN,BatchFile Load()
2024/04/03 07:29:39.269,METHOD_OUT,BatchFile.Load : STATUS_SUCCESS
2024/04/03 07:29:39.269,INFO,BatchFile読み込み完了
2024/04/03 07:29:39.269,ERROR,サーバーの商品マスタファイルが本日のものではありません。
2024/04/03 07:29:39.269,ERROR,ローカルの商品マスタファイルが本日のものではありません。
2024/04/03 07:29:39.270,ERROR,サーバーの店マスタファイルが本日のものではありません。
2024/04/03 07:29:39.270,ERROR,ローカルの店マスタファイルが本日のものではありません。
2024/04/03 07:29:39.271,ERROR,サーバーの作業者マスタファイルが本日のものではありません。
2024/04/03 07:29:39.271,ERROR,ローカルの作業者マスタファイルが本日のものではありません。
2024/04/03 07:29:39.282,ERROR,1便のPICKDATA0ファイルが本日のものではありません。
2024/04/03 07:29:39.475,INFO,2便のPICKDATA読み出し完了
2024/04/03 07:29:39.972,INFO,3便のPICKDATA読み出し完了
2024/04/03 07:29:39.972,INFO,DB_IPアドレス : 127.0.0.1
2024/04/03 07:29:39.972,INFO,DBセットアップ
2024/04/03 07:29:41.079,INFO,既に本日のテーブルあり
