2024/04/03 23:37:07.931,INFO,Logger起動
2024/04/03 23:37:07.947,INFO,前回アプリ終了時ステータス取得 完了
2024/04/03 23:37:07.995,METHOD_IN,PLC_IF.Open(DUMMY;PLC_AISLE127.0.0.1)
2024/04/03 23:37:09.061,METHOD_OUT,PLC_IF.Open : STATUS_SUCCESS
2024/04/03 23:37:09.067,INFO,Resource起動
2024/04/03 23:37:09.096,SYSTEM,***********************************
2024/04/03 23:37:09.096,SYSTEM,起動中 PC名=LAPTOP-DES3I23Q , IP=172.19.0.1
2024/04/03 23:37:09.096,SYSTEM,OS Ver=Microsoft Windows NT 6.2.9200.0 
2024/04/03 23:37:09.096,SYSTEM,TransferManagerApp Ver=1.0.0.0 
2024/04/03 23:37:09.096,SYSTEM,***********************************
2024/04/03 23:37:09.097,METHOD_IN,Manager Start()
2024/04/03 23:37:09.097,INFO,システムスレッド 起動
2024/04/03 23:37:09.103,METHOD_IN,Manager Thread_System()
2024/04/03 23:37:09.111,INFO,接続確認スレッド 起動
2024/04/03 23:37:09.116,METHOD_IN,Manager Thread_ConnectionCheck()
2024/04/03 23:37:09.124,INFO,ファイルクリーナスレッド 起動
2024/04/03 23:37:09.128,METHOD_IN,Manager Thread_FileCleaner()
2024/04/03 23:37:09.137,INFO,エラー履歴ファイル出力スレッド 起動
2024/04/03 23:37:09.141,METHOD_IN,Manager Thread_ErrorHistory()
2024/04/03 23:37:09.151,METHOD_OUT,Manager Start : STATUS_SUCCESS
2024/04/03 23:37:09.151,INFO,Manager起動
2024/04/03 23:37:09.170,METHOD_IN,BatchFile Load()
2024/04/03 23:37:09.398,METHOD_OUT,BatchFile.Load : STATUS_SUCCESS
2024/04/03 23:37:09.398,INFO,BatchFile読み込み完了
