2024/04/11 23:36:48.601,INFO,Logger起動
2024/04/11 23:36:48.614,INFO,前回アプリ終了時ステータス取得 完了
2024/04/11 23:36:48.652,METHOD_IN,PLC_IF.Open(DUMMY;PLC_AISLE127.0.0.1)
2024/04/11 23:36:49.738,METHOD_OUT,PLC_IF.Open : STATUS_SUCCESS
2024/04/11 23:36:49.743,INFO,Resource起動
2024/04/11 23:36:49.774,SYSTEM,***********************************
2024/04/11 23:36:49.774,SYSTEM,起動中 PC名=LAPTOP-DES3I23Q , IP=172.19.0.1
2024/04/11 23:36:49.774,SYSTEM,OS Ver=Microsoft Windows NT 6.2.9200.0 
2024/04/11 23:36:49.774,SYSTEM,TransferManagerApp Ver=1.0.0.0 
2024/04/11 23:36:49.774,SYSTEM,***********************************
2024/04/11 23:36:49.776,METHOD_IN,Manager Start()
2024/04/11 23:36:49.776,INFO,システムスレッド 起動
2024/04/11 23:36:49.781,METHOD_IN,Manager Thread_System()
2024/04/11 23:36:49.790,INFO,接続確認スレッド 起動
2024/04/11 23:36:49.796,METHOD_IN,Manager Thread_ConnectionCheck()
2024/04/11 23:36:49.803,INFO,ファイルクリーナスレッド 起動
2024/04/11 23:36:49.808,METHOD_IN,Manager Thread_FileCleaner()
2024/04/11 23:36:49.816,INFO,エラー履歴ファイル出力スレッド 起動
2024/04/11 23:36:49.821,METHOD_IN,Manager Thread_ErrorHistory()
2024/04/11 23:36:49.828,METHOD_OUT,Manager Start : STATUS_SUCCESS
2024/04/11 23:36:49.828,INFO,Manager起動
2024/04/11 23:36:49.850,METHOD_IN,BatchFile Load()
2024/04/11 23:36:50.122,METHOD_OUT,BatchFile.Load : STATUS_SUCCESS
2024/04/11 23:36:50.122,INFO,BatchFile読み込み完了
2024/04/11 23:36:50.124,ERROR,サーバーの商品マスタファイルが本日のものではありません。
2024/04/11 23:36:50.124,ERROR,ローカルの商品マスタファイルが本日のものではありません。
2024/04/11 23:36:50.127,ERROR,サーバーの店マスタファイルが本日のものではありません。
2024/04/11 23:36:50.127,ERROR,ローカルの店マスタファイルが本日のものではありません。
2024/04/11 23:36:50.129,ERROR,サーバーの作業者マスタファイルが本日のものではありません。
2024/04/11 23:36:50.129,ERROR,ローカルの作業者マスタファイルが本日のものではありません。
2024/04/11 23:36:50.141,ERROR,1便のPICKDATA0ファイルが本日のものではありません。
2024/04/11 23:36:50.141,ERROR,2便のPICKDATA0ファイルが本日のものではありません。
2024/04/11 23:36:50.141,ERROR,2便のPICKDATA0ファイルが本日のものではありません。
2024/04/11 23:36:50.141,ERROR,3便のPICKDATA0ファイルが本日のものではありません。
2024/04/11 23:36:50.141,ERROR,3便のPICKDATA0ファイルが本日のものではありません。
2024/04/11 23:36:50.141,INFO,DB_IPアドレス : 127.0.0.1
2024/04/11 23:36:50.141,INFO,DBセットアップ
2024/04/11 23:36:51.467,INFO,既に本日のテーブルあり
2024/04/11 23:36:53.324,METHOD_IN,ServerControl Start()
2024/04/11 23:36:53.332,METHOD_IN,ServerControl Thread_Server()
2024/04/11 23:36:53.339,METHOD_OUT,ServerControl Start : STATUS_SUCCESS
2024/04/11 23:36:53.339,INFO,Serverスレッド起動
2024/04/11 23:36:53.339,ERROR,サーバーの商品マスタファイルが本日のものではありません。
2024/04/11 23:36:53.339,ERROR,ローカルの商品マスタファイルが本日のものではありません。
2024/04/11 23:36:53.339,ERROR,サーバーの店マスタファイルが本日のものではありません。
2024/04/11 23:36:53.339,ERROR,ローカルの店マスタファイルが本日のものではありません。
2024/04/11 23:36:53.339,ERROR,サーバーの作業者マスタファイルが本日のものではありません。
2024/04/11 23:36:53.339,ERROR,ローカルの作業者マスタファイルが本日のものではありません。
2024/04/11 23:36:53.339,ERROR,1便のPICKDATA0ファイルが本日のものではありません。
2024/04/11 23:36:53.339,ERROR,2便のPICKDATA0ファイルが本日のものではありません。
2024/04/11 23:36:53.340,ERROR,2便のPICKDATA0ファイルが本日のものではありません。
2024/04/11 23:36:53.340,ERROR,3便のPICKDATA0ファイルが本日のものではありません。
2024/04/11 23:36:53.340,ERROR,3便のPICKDATA0ファイルが本日のものではありません。
2024/04/11 23:36:53.340,INFO,ServerControl 仕分データ取得中 1便
2024/04/11 23:36:53.352,INFO,ServerControl 仕分データ取得中 2便
2024/04/11 23:36:53.354,INFO,ServerControl 仕分データ取得中 3便
2024/04/11 23:36:53.356,INFO,ServerControl 仕分データ取得 完了
2024/04/11 23:36:53.356,INFO,ServerControl 仕分実績データ取得中 1便
2024/04/11 23:36:53.362,INFO,ServerControl 仕分実績データ取得中 2便
2024/04/11 23:36:53.363,INFO,ServerControl 仕分実績データ取得中 3便
2024/04/11 23:36:53.365,INFO,ServerControl 仕分実績データ取得 完了
2024/04/11 23:36:53.367,INFO,ServerControl 仕分実績データリスト作成/更新中 1便
2024/04/11 23:36:53.369,INFO,ServerControl 仕分実績データリスト作成/更新中 2便
2024/04/11 23:36:53.369,INFO,ServerControl 仕分実績データリスト作成/更新中 3便
2024/04/11 23:36:53.369,INFO,ServerControl 仕分実績データリスト作成/更新 完了
2024/04/11 23:36:53.369,INFO,ServerControl 仕分実績データ書込み中 1便
2024/04/11 23:36:53.370,INFO,ServerControl 仕分実績データ書込み中 2便
2024/04/11 23:36:53.370,INFO,ServerControl 仕分実績データ書込み中 3便
2024/04/11 23:36:53.370,INFO,ServerControl 仕分実績データ書込み 完了
2024/04/11 23:36:53.440,INFO,Serverスレッド初期化完了
2024/04/11 23:36:53.440,METHOD_IN,Cycle Start()
2024/04/11 23:36:53.445,METHOD_IN,Cycle Thread_Cycle()
2024/04/11 23:36:53.454,METHOD_IN,CycleAisle Start()
2024/04/11 23:36:53.463,METHOD_IN,CycleAisle Thread_Cycle()
2024/04/11 23:36:53.468,METHOD_OUT,CycleAisle Start : STATUS_SUCCESS
2024/04/11 23:36:53.468,METHOD_OUT,Cycle Start : STATUS_SUCCESS
2024/04/11 23:36:53.468,INFO,Cycleスレッド起動
2024/04/11 23:36:53.468,METHOD_OUT,windowOpening OpeningSequence : STATUS_SUCCESS
2024/04/11 23:36:53.810,INFO,ネットワーク：PLC1に接続されました ： 127.0.0.1
2024/04/11 23:36:53.811,INFO,ネットワーク：Serverに接続されました ： 127.0.0.1
2024/04/11 23:36:54.085,CONTROL,windowOpening Window_Closing()
