2024/04/03 07:29:59.331,INFO,Logger起動
2024/04/03 07:29:59.338,INFO,前回アプリ終了時ステータス取得 完了
2024/04/03 07:29:59.357,METHOD_IN,PLC_IF.Open(DUMMY;PLC_AISLE127.0.0.1)
2024/04/03 07:29:59.990,METHOD_OUT,PLC_IF.Open : STATUS_SUCCESS
2024/04/03 07:29:59.992,INFO,Resource起動
2024/04/03 07:30:00.008,SYSTEM,***********************************
2024/04/03 07:30:00.008,SYSTEM,起動中 PC名=LAPTOP-DES3I23Q , IP=172.19.0.1
2024/04/03 07:30:00.008,SYSTEM,OS Ver=Microsoft Windows NT 6.2.9200.0 
2024/04/03 07:30:00.008,SYSTEM,TransferManagerApp Ver=1.0.0.0 
2024/04/03 07:30:00.008,SYSTEM,***********************************
2024/04/03 07:30:00.009,METHOD_IN,Manager Start()
2024/04/03 07:30:00.009,INFO,システムスレッド 起動
2024/04/03 07:30:00.012,METHOD_IN,Manager Thread_System()
2024/04/03 07:30:00.023,INFO,接続確認スレッド 起動
2024/04/03 07:30:00.026,METHOD_IN,Manager Thread_ConnectionCheck()
2024/04/03 07:30:00.036,INFO,ファイルクリーナスレッド 起動
2024/04/03 07:30:00.039,METHOD_IN,Manager Thread_FileCleaner()
2024/04/03 07:30:00.049,INFO,エラー履歴ファイル出力スレッド 起動
2024/04/03 07:30:00.052,METHOD_IN,Manager Thread_ErrorHistory()
2024/04/03 07:30:00.062,METHOD_OUT,Manager Start : STATUS_SUCCESS
2024/04/03 07:30:00.062,INFO,Manager起動
2024/04/03 07:30:00.076,METHOD_IN,BatchFile Load()
2024/04/03 07:30:00.214,METHOD_OUT,BatchFile.Load : STATUS_SUCCESS
2024/04/03 07:30:00.214,INFO,BatchFile読み込み完了
2024/04/03 07:30:00.215,ERROR,サーバーの商品マスタファイルが本日のものではありません。
2024/04/03 07:30:00.216,ERROR,ローカルの商品マスタファイルが本日のものではありません。
2024/04/03 07:30:00.217,ERROR,サーバーの店マスタファイルが本日のものではありません。
2024/04/03 07:30:00.217,ERROR,ローカルの店マスタファイルが本日のものではありません。
2024/04/03 07:30:00.218,ERROR,サーバーの作業者マスタファイルが本日のものではありません。
2024/04/03 07:30:00.218,ERROR,ローカルの作業者マスタファイルが本日のものではありません。
2024/04/03 07:30:00.228,ERROR,1便のPICKDATA0ファイルが本日のものではありません。
2024/04/03 07:30:00.477,INFO,2便のPICKDATA読み出し完了
2024/04/03 07:30:01.339,INFO,3便のPICKDATA読み出し完了
2024/04/03 07:30:01.339,INFO,DB_IPアドレス : 127.0.0.1
2024/04/03 07:30:01.339,INFO,DBセットアップ
2024/04/03 07:30:02.438,INFO,既に本日のテーブルあり
2024/04/03 07:30:05.117,INFO,DBレコード削除完了
