2024/04/03 23:30:35.713,INFO,Logger起動
2024/04/03 23:30:35.721,INFO,前回アプリ終了時ステータス取得 完了
2024/04/03 23:30:35.738,METHOD_IN,PLC_IF.Open(DUMMY;PLC_AISLE127.0.0.1)
2024/04/03 23:30:36.332,METHOD_OUT,PLC_IF.Open : STATUS_SUCCESS
2024/04/03 23:30:36.335,INFO,Resource起動
2024/04/03 23:30:36.357,SYSTEM,***********************************
2024/04/03 23:30:36.357,SYSTEM,起動中 PC名=LAPTOP-DES3I23Q , IP=172.19.0.1
2024/04/03 23:30:36.357,SYSTEM,OS Ver=Microsoft Windows NT 6.2.9200.0 
2024/04/03 23:30:36.357,SYSTEM,TransferManagerApp Ver=1.0.0.0 
2024/04/03 23:30:36.357,SYSTEM,***********************************
2024/04/03 23:30:36.358,METHOD_IN,Manager Start()
2024/04/03 23:30:36.358,INFO,システムスレッド 起動
2024/04/03 23:30:36.361,METHOD_IN,Manager Thread_System()
2024/04/03 23:30:36.371,INFO,接続確認スレッド 起動
2024/04/03 23:30:36.375,METHOD_IN,Manager Thread_ConnectionCheck()
2024/04/03 23:30:36.385,INFO,ファイルクリーナスレッド 起動
2024/04/03 23:30:36.395,METHOD_IN,Manager Thread_FileCleaner()
2024/04/03 23:30:36.406,INFO,エラー履歴ファイル出力スレッド 起動
2024/04/03 23:30:36.411,METHOD_IN,Manager Thread_ErrorHistory()
2024/04/03 23:30:36.419,METHOD_OUT,Manager Start : STATUS_SUCCESS
2024/04/03 23:30:36.419,INFO,Manager起動
2024/04/03 23:30:36.433,METHOD_IN,BatchFile Load()
2024/04/03 23:30:36.609,METHOD_OUT,BatchFile.Load : STATUS_SUCCESS
2024/04/03 23:30:36.609,INFO,BatchFile読み込み完了
2024/04/03 23:30:36.627,ERROR,1行目 [便] エラー
2024/04/03 23:30:36.635,ERROR,3行目 [便] エラー
2024/04/03 23:30:36.720,ERROR,商品マスターファイル読み込み エラー発生行数: 2行
2024/04/03 23:30:42.049,INFO,商品マスター読み出し完了
2024/04/03 23:30:42.062,INFO,店マスター読み出し完了
2024/04/03 23:30:42.065,INFO,作業者マスター読み出し完了
2024/04/03 23:30:42.077,ERROR,1便のPICKDATA0ファイルが本日のものではありません。
2024/04/03 23:30:42.291,INFO,2便のPICKDATA読み出し完了
2024/04/03 23:30:42.823,INFO,3便のPICKDATA読み出し完了
2024/04/03 23:30:42.823,INFO,DB_IPアドレス : 127.0.0.1
2024/04/03 23:30:42.823,INFO,DBセットアップ
2024/04/03 23:30:43.898,INFO,既に本日のテーブルあり
2024/04/03 23:30:47.332,INFO,DBレコード削除完了
2024/04/03 23:31:25.896,INFO,商品ヘッダテーブル 書き込み完了
2024/04/03 23:31:25.896,METHOD_IN,ServerControl Start()
2024/04/03 23:31:25.901,METHOD_IN,ServerControl Thread_Server()
2024/04/03 23:31:25.909,METHOD_OUT,ServerControl Start : STATUS_SUCCESS
2024/04/03 23:31:25.909,INFO,Serverスレッド起動
2024/04/03 23:31:25.909,ERROR,1便のPICKDATA0ファイルが本日のものではありません。
2024/04/03 23:31:25.909,INFO,ServerControl 仕分データ取得中 1便
2024/04/03 23:31:25.914,INFO,ServerControl 仕分データ取得中 2便
2024/04/03 23:31:28.576,INFO,ServerControl 仕分データ取得中 3便
2024/04/03 23:31:34.548,INFO,ServerControl 仕分データ取得 完了
2024/04/03 23:31:34.548,INFO,ServerControl 仕分実績データ取得中 1便
2024/04/03 23:31:34.550,INFO,ServerControl 仕分実績データ取得中 2便
2024/04/03 23:31:34.551,INFO,ServerControl 仕分実績データ取得中 3便
2024/04/03 23:31:34.551,INFO,ServerControl 仕分実績データ取得 完了
2024/04/03 23:31:34.571,INFO,ServerControl 仕分実績データリスト作成/更新中 1便
2024/04/03 23:31:34.573,INFO,ServerControl 仕分実績データリスト作成/更新中 2便
2024/04/03 23:31:34.591,INFO,ServerControl 仕分実績データリスト作成/更新中 3便
2024/04/03 23:31:34.607,INFO,ServerControl 仕分実績データリスト作成/更新 完了
2024/04/03 23:31:34.607,INFO,ServerControl 仕分実績データ書込み中 1便
2024/04/03 23:31:34.608,INFO,ServerControl 仕分実績データ書込み中 2便
2024/04/03 23:31:34.608,INFO,ServerControl 仕分実績データ書込み中 3便
2024/04/03 23:31:34.609,INFO,ServerControl 仕分実績データ書込み 完了
2024/04/03 23:31:34.690,INFO,Serverスレッド初期化完了
2024/04/03 23:31:34.691,METHOD_IN,Cycle Start()
2024/04/03 23:31:34.698,METHOD_IN,Cycle Thread_Cycle()
2024/04/03 23:31:34.706,METHOD_IN,CycleAisle Start()
2024/04/03 23:31:34.719,METHOD_IN,CycleAisle Thread_Cycle()
2024/04/03 23:31:34.721,METHOD_OUT,CycleAisle Start : STATUS_SUCCESS
2024/04/03 23:31:34.721,METHOD_OUT,Cycle Start : STATUS_SUCCESS
2024/04/03 23:31:34.721,INFO,Cycleスレッド起動
2024/04/03 23:31:34.721,METHOD_OUT,windowOpening OpeningSequence : STATUS_SUCCESS
2024/04/03 23:31:35.378,CONTROL,windowOpening Window_Closing()
2024/04/03 23:31:35.441,INFO,ネットワーク：PLC1に接続されました ： 127.0.0.1
2024/04/03 23:31:35.442,INFO,ネットワーク：Serverに接続されました ： 127.0.0.1
2024/04/03 23:31:42.675,CONTROL,windowMain Button_Click() btnOrder
2024/04/03 23:31:42.676,CONTROL,windowMain Function() ORDER
2024/04/03 23:31:42.895,CONTROL,windowOrder Window_Loaded()
2024/04/03 23:31:42.895,CONTROL,ucTab_OperationMonitor UserControl_Loaded()
2024/04/03 23:31:42.910,CONTROL,ucTab_ProgressMonitor UserControl_Loaded()
2024/04/03 23:31:42.913,METHOD_OUT,ucTab_ProgressMonitor.InitListView : STATUS_SUCCESS
2024/04/03 23:31:42.914,METHOD_IN,ucTab_ProgressMonitor.comboPostNo_SelectionChanged()
2024/04/03 23:31:42.914,METHOD_OUT,ucTab_ProgressMonitor.comboPostNo_SelectionChanged : STATUS_SUCCESS
2024/04/03 23:31:42.915,METHOD_OUT,ucTab_ProgressMonitor.InitTimer : STATUS_SUCCESS
2024/04/03 23:31:42.915,CONTROL,ucTab_WorkStatus UserControl_Loaded()
2024/04/03 23:31:42.947,METHOD_IN,ucTab_WorkStatus.UpdateWorkNameComboBox()
2024/04/03 23:31:42.958,METHOD_OUT,ucTab_WorkStatus.UpdateWorkNameComboBox : STATUS_SUCCESS
2024/04/03 23:31:42.960,METHOD_IN,ucTab_WorkStatus.Search()
2024/04/03 23:31:42.989,METHOD_OUT,ucTab_WorkStatus.Search : STATUS_SUCCESS
2024/04/03 23:31:42.990,CONTROL,ucTab_WorkStatus UserControl_Loaded()
2024/04/03 23:31:42.993,METHOD_IN,ucTab_ErrorHistory.InitTimer()
2024/04/03 23:31:42.993,METHOD_OUT,ucTab_ErrorHistory.InitTimer : STATUS_SUCCESS
2024/04/03 23:31:44.611,ERROR,1便のPICKDATA0ファイルが本日のものではありません。
2024/04/03 23:31:44.611,INFO,ServerControl 仕分データ取得中 1便
2024/04/03 23:31:44.612,INFO,ServerControl 仕分データ取得中 2便
2024/04/03 23:31:44.613,INFO,ServerControl 仕分データ取得中 3便
2024/04/03 23:31:44.615,INFO,ServerControl 仕分データ取得 完了
2024/04/03 23:31:44.636,INFO,ServerControl 仕分実績データリスト作成/更新中 1便
2024/04/03 23:31:44.636,INFO,ServerControl 仕分実績データリスト作成/更新中 2便
2024/04/03 23:31:44.651,INFO,ServerControl 仕分実績データリスト作成/更新中 3便
2024/04/03 23:31:44.670,INFO,ServerControl 仕分実績データリスト作成/更新 完了
2024/04/03 23:31:44.670,INFO,ServerControl 仕分実績データ書込み中 1便
2024/04/03 23:31:44.670,INFO,ServerControl 仕分実績データ書込み中 2便
2024/04/03 23:31:44.671,INFO,ServerControl 仕分実績データ書込み中 3便
2024/04/03 23:31:44.671,INFO,ServerControl 仕分実績データ書込み 完了
2024/04/03 23:31:45.088,CONTROL,windowOrder Menu_Click() menuTool_MasterFile
2024/04/03 23:31:45.195,CONTROL,windowOrderInfo Window_Loaded()
2024/04/03 23:31:45.199,METHOD_IN,windowOrderInfo.Update()
2024/04/03 23:31:45.231,METHOD_OUT,windowOrderInfo.Update : STATUS_SUCCESS
2024/04/03 23:31:48.999,CONTROL,windowOrderInfo Button_Click() btnStoreMaster
2024/04/03 23:31:49.481,CONTROL,windowOrderInfo Button_Click() btnWorkerMaster
2024/04/03 23:31:49.898,CONTROL,windowOrderInfo Button_Click() btnWorkMaster
2024/04/03 23:31:50.909,CONTROL,windowOrderInfo Button_Click() btnClose
2024/04/03 23:31:50.909,CONTROL,windowOrderInfo Window_Closing()
2024/04/03 23:31:51.923,CONTROL,windowOrder Button_Click() btnClose
2024/04/03 23:31:51.924,CONTROL,windowOrder Window_Closing()
2024/04/03 23:31:51.924,CONTROL,ucTab_OperationMonitor Dispose()
2024/04/03 23:31:51.924,CONTROL,ucTab_ProgressMonitor Dispose()
2024/04/03 23:31:51.924,CONTROL,ucTab_WorkStatus Dispose()
2024/04/03 23:31:51.924,CONTROL,ucTab_WorkStatus Dispose()
2024/04/03 23:31:52.734,CONTROL,windowMain Button_Click() btnExit
2024/04/03 23:31:52.734,CONTROL,windowMain Function() EXIT
2024/04/03 23:31:53.785,METHOD_IN,Cycle Close()
2024/04/03 23:31:54.672,ERROR,1便のPICKDATA0ファイルが本日のものではありません。
2024/04/03 23:31:54.672,INFO,ServerControl 仕分データ取得中 1便
2024/04/03 23:31:54.673,INFO,ServerControl 仕分データ取得中 2便
2024/04/03 23:31:54.674,INFO,ServerControl 仕分データ取得中 3便
2024/04/03 23:31:54.675,INFO,ServerControl 仕分データ取得 完了
2024/04/03 23:31:54.694,INFO,ServerControl 仕分実績データリスト作成/更新中 1便
2024/04/03 23:31:54.694,INFO,ServerControl 仕分実績データリスト作成/更新中 2便
2024/04/03 23:31:54.706,INFO,ServerControl 仕分実績データリスト作成/更新中 3便
2024/04/03 23:31:54.708,METHOD_OUT,Cycle Thread_Cycle : STATUS_SUCCESS
2024/04/03 23:31:54.728,INFO,ServerControl 仕分実績データリスト作成/更新 完了
2024/04/03 23:31:54.728,INFO,ServerControl 仕分実績データ書込み中 1便
2024/04/03 23:31:54.728,INFO,ServerControl 仕分実績データ書込み中 2便
2024/04/03 23:31:54.728,INFO,ServerControl 仕分実績データ書込み中 3便
2024/04/03 23:31:54.729,INFO,ServerControl 仕分実績データ書込み 完了
2024/04/03 23:31:54.795,INFO,サイクル管理スレッド 終了
2024/04/03 23:31:54.795,METHOD_IN,CycleAisle Close()
2024/04/03 23:31:55.776,METHOD_OUT,CycleAisle Thread_Cycle : STATUS_SUCCESS
2024/04/03 23:31:55.806,INFO,サイクル管理スレッド 終了
2024/04/03 23:31:55.806,METHOD_OUT,CycleAisle Close : STATUS_SUCCESS
2024/04/03 23:31:55.806,METHOD_OUT,Cycle Close : STATUS_SUCCESS
2024/04/03 23:31:55.806,METHOD_IN,ServerControl Close()
2024/04/03 23:32:04.731,METHOD_OUT,ServerControl Thread_Server : STATUS_SUCCESS
2024/04/03 23:32:04.796,INFO,サイクル管理スレッド 終了
2024/04/03 23:32:04.796,METHOD_OUT,ServerControl Close : STATUS_SUCCESS
2024/04/03 23:32:04.796,METHOD_IN,Manager Close()
2024/04/03 23:32:04.946,INFO,システムスレッド 終了
2024/04/03 23:32:04.949,INFO,接続確認スレッド 終了
2024/04/03 23:32:04.951,INFO,ファイルクリーナスレッド 終了
2024/04/03 23:32:04.953,INFO,エラー履歴ファイル出力スレッド 終了
2024/04/03 23:32:04.955,METHOD_OUT,Manager Close : STATUS_SUCCESS
2024/04/03 23:32:04.955,METHOD_IN,PLC_IF.Close()
2024/04/03 23:32:04.969,ERROR,スレッドを中止しようとしました。
2024/04/03 23:32:04.969,ERROR,スレッドを中止しようとしました。
2024/04/03 23:32:04.970,ERROR,スレッドを中止しようとしました。
2024/04/03 23:32:04.971,ERROR,スレッドを中止しようとしました。
2024/04/03 23:32:05.504,METHOD_OUT,PLC_IF.Close : STATUS_SUCCESS
