2024/04/03 23:39:18.279,INFO,Logger起動
2024/04/03 23:39:18.290,INFO,前回アプリ終了時ステータス取得 完了
2024/04/03 23:39:18.317,METHOD_IN,PLC_IF.Open(DUMMY;PLC_AISLE127.0.0.1)
2024/04/03 23:39:19.056,METHOD_OUT,PLC_IF.Open : STATUS_SUCCESS
2024/04/03 23:39:19.060,INFO,Resource起動
2024/04/03 23:39:19.082,SYSTEM,***********************************
2024/04/03 23:39:19.082,SYSTEM,起動中 PC名=LAPTOP-DES3I23Q , IP=172.19.0.1
2024/04/03 23:39:19.082,SYSTEM,OS Ver=Microsoft Windows NT 6.2.9200.0 
2024/04/03 23:39:19.082,SYSTEM,TransferManagerApp Ver=1.0.0.0 
2024/04/03 23:39:19.082,SYSTEM,***********************************
2024/04/03 23:39:19.083,METHOD_IN,Manager Start()
2024/04/03 23:39:19.083,INFO,システムスレッド 起動
2024/04/03 23:39:19.087,METHOD_IN,Manager Thread_System()
2024/04/03 23:39:19.097,INFO,接続確認スレッド 起動
2024/04/03 23:39:19.102,METHOD_IN,Manager Thread_ConnectionCheck()
2024/04/03 23:39:19.112,INFO,ファイルクリーナスレッド 起動
2024/04/03 23:39:19.116,METHOD_IN,Manager Thread_FileCleaner()
2024/04/03 23:39:19.125,INFO,エラー履歴ファイル出力スレッド 起動
2024/04/03 23:39:19.131,METHOD_IN,Manager Thread_ErrorHistory()
2024/04/03 23:39:19.138,METHOD_OUT,Manager Start : STATUS_SUCCESS
2024/04/03 23:39:19.138,INFO,Manager起動
2024/04/03 23:39:19.160,METHOD_IN,BatchFile Load()
2024/04/03 23:39:19.421,METHOD_OUT,BatchFile.Load : STATUS_SUCCESS
2024/04/03 23:39:19.421,INFO,BatchFile読み込み完了
